<?xml version="1.0" encoding="UTF-8"?>
<testng-results ignored="0" total="4" passed="4" failed="0" skipped="0">
  <reporter-output>
  </reporter-output>
  <suite started-at="2022-09-29T13:08:43 WIB" name="Default suite" finished-at="2022-09-29T13:08:43 WIB" duration-ms="196">
    <groups>
      <group name="cucumber">
        <method signature="AbstractTestNGCucumberTests.runScenario(io.cucumber.testng.PickleWrapper,io.cucumber.testng.FeatureWrapper)[pri:0, instance:runner.TestRunner@428640fa]" name="runScenario" class="io.cucumber.testng.AbstractTestNGCucumberTests"/>
      </group> <!-- cucumber -->
    </groups>
    <test started-at="2022-09-29T13:08:43 WIB" name="Default test" finished-at="2022-09-29T13:08:43 WIB" duration-ms="196">
      <class name="runner.TestRunner">
        <test-method is-config="true" signature="setUpClass()[pri:0, instance:runner.TestRunner@428640fa]" started-at="2022-09-29T13:08:43 WIB" name="setUpClass" finished-at="2022-09-29T13:08:43 WIB" duration-ms="102" status="PASS">
          <reporter-output>
          </reporter-output>
        </test-method> <!-- setUpClass -->
        <test-method signature="runScenario(io.cucumber.testng.PickleWrapper,io.cucumber.testng.FeatureWrapper)[pri:0, instance:runner.TestRunner@428640fa]" started-at="2022-09-29T13:08:43 WIB" name="runScenario" description="Runs Cucumber Scenarios" data-provider="scenarios" finished-at="2022-09-29T13:08:43 WIB" duration-ms="33" status="PASS">
          <params>
            <param index="0">
              <value>
                <![CDATA["Validate the text"]]>
              </value>
            </param>
            <param index="1">
              <value>
                <![CDATA["Check text"]]>
              </value>
            </param>
          </params>
          <reporter-output>
          </reporter-output>
        </test-method> <!-- runScenario -->
        <test-method signature="runScenario(io.cucumber.testng.PickleWrapper,io.cucumber.testng.FeatureWrapper)[pri:0, instance:runner.TestRunner@428640fa]" started-at="2022-09-29T13:08:43 WIB" name="runScenario" description="Runs Cucumber Scenarios" data-provider="scenarios" finished-at="2022-09-29T13:08:43 WIB" duration-ms="2" status="PASS">
          <params>
            <param index="0">
              <value>
                <![CDATA["Validate the text"]]>
              </value>
            </param>
            <param index="1">
              <value>
                <![CDATA["Check text"]]>
              </value>
            </param>
          </params>
          <reporter-output>
          </reporter-output>
        </test-method> <!-- runScenario -->
        <test-method signature="runScenario(io.cucumber.testng.PickleWrapper,io.cucumber.testng.FeatureWrapper)[pri:0, instance:runner.TestRunner@428640fa]" started-at="2022-09-29T13:08:43 WIB" name="runScenario" description="Runs Cucumber Scenarios" data-provider="scenarios" finished-at="2022-09-29T13:08:43 WIB" duration-ms="1" status="PASS">
          <params>
            <param index="0">
              <value>
                <![CDATA["Validate the text"]]>
              </value>
            </param>
            <param index="1">
              <value>
                <![CDATA["Check text"]]>
              </value>
            </param>
          </params>
          <reporter-output>
          </reporter-output>
        </test-method> <!-- runScenario -->
        <test-method signature="runScenario(io.cucumber.testng.PickleWrapper,io.cucumber.testng.FeatureWrapper)[pri:0, instance:runner.TestRunner@428640fa]" started-at="2022-09-29T13:08:43 WIB" name="runScenario" description="Runs Cucumber Scenarios" data-provider="scenarios" finished-at="2022-09-29T13:08:43 WIB" duration-ms="1" status="PASS">
          <params>
            <param index="0">
              <value>
                <![CDATA["Validate the text"]]>
              </value>
            </param>
            <param index="1">
              <value>
                <![CDATA["Check text"]]>
              </value>
            </param>
          </params>
          <reporter-output>
          </reporter-output>
        </test-method> <!-- runScenario -->
        <test-method is-config="true" signature="tearDownClass()[pri:0, instance:runner.TestRunner@428640fa]" started-at="2022-09-29T13:08:43 WIB" name="tearDownClass" finished-at="2022-09-29T13:08:43 WIB" duration-ms="38" status="PASS">
          <reporter-output>
          </reporter-output>
        </test-method> <!-- tearDownClass -->
      </class> <!-- runner.TestRunner -->
    </test> <!-- Default test -->
  </suite> <!-- Default suite -->
</testng-results>
